2020-11-02 14:17:11.795  INFO 2396 --- [restartedMain] com.wang.SpringSwaggerApplication        : Starting SpringSwaggerApplication on LAPTOP-9J7C1EJA with PID 2396 (D:\wh\IDEA_Project\spring-swagger\target\classes started by wanghe in D:\wh\IDEA_Project\spring-swagger)
2020-11-02 14:17:11.803  INFO 2396 --- [restartedMain] com.wang.SpringSwaggerApplication        : No active profile set, falling back to default profiles: default
2020-11-02 14:17:12.093  INFO 2396 --- [restartedMain] .e.DevToolsPropertyDefaultsPostProcessor : Devtools property defaults active! Set 'spring.devtools.add-properties' to 'false' to disable
2020-11-02 14:17:12.096  INFO 2396 --- [restartedMain] .e.DevToolsPropertyDefaultsPostProcessor : For additional web related logging consider setting the 'logging.level.web' property to 'DEBUG'
2020-11-02 14:17:14.326  INFO 2396 --- [restartedMain] .s.d.r.c.RepositoryConfigurationDelegate : Multiple Spring Data modules found, entering strict repository configuration mode!
2020-11-02 14:17:14.328  INFO 2396 --- [restartedMain] .s.d.r.c.RepositoryConfigurationDelegate : Bootstrapping Spring Data JPA repositories in DEFERRED mode.
2020-11-02 14:17:14.467  INFO 2396 --- [restartedMain] .s.d.r.c.RepositoryConfigurationDelegate : Finished Spring Data repository scanning in 124ms. Found 1 JPA repository interfaces.
2020-11-02 14:17:14.496  INFO 2396 --- [restartedMain] .s.d.r.c.RepositoryConfigurationDelegate : Multiple Spring Data modules found, entering strict repository configuration mode!
2020-11-02 14:17:14.498  INFO 2396 --- [restartedMain] .s.d.r.c.RepositoryConfigurationDelegate : Bootstrapping Spring Data Redis repositories in DEFAULT mode.
2020-11-02 14:17:14.526  INFO 2396 --- [restartedMain] .RepositoryConfigurationExtensionSupport : Spring Data Redis - Could not safely identify store assignment for repository candidate interface com.wang.dao.EmployeeDao. If you want this repository to be a Redis repository, consider annotating your entities with one of these annotations: org.springframework.data.redis.core.RedisHash (preferred), or consider extending one of the following types with your repository: org.springframework.data.keyvalue.repository.KeyValueRepository.
2020-11-02 14:17:14.527  INFO 2396 --- [restartedMain] .s.d.r.c.RepositoryConfigurationDelegate : Finished Spring Data repository scanning in 16ms. Found 0 Redis repository interfaces.
2020-11-02 14:17:15.912  INFO 2396 --- [restartedMain] o.s.b.w.embedded.tomcat.TomcatWebServer  : Tomcat initialized with port(s): 8080 (http)
2020-11-02 14:17:15.929  INFO 2396 --- [restartedMain] o.apache.catalina.core.StandardService   : Starting service [Tomcat]
2020-11-02 14:17:15.930  INFO 2396 --- [restartedMain] org.apache.catalina.core.StandardEngine  : Starting Servlet engine: [Apache Tomcat/9.0.38]
2020-11-02 14:17:16.160  INFO 2396 --- [restartedMain] o.a.c.c.C.[Tomcat].[localhost].[/]       : Initializing Spring embedded WebApplicationContext
2020-11-02 14:17:16.160  INFO 2396 --- [restartedMain] w.s.c.ServletWebServerApplicationContext : Root WebApplicationContext: initialization completed in 4009 ms
2020-11-02 14:17:16.711  INFO 2396 --- [restartedMain] o.s.s.concurrent.ThreadPoolTaskExecutor  : Initializing ExecutorService 'applicationTaskExecutor'
2020-11-02 14:17:16.780  INFO 2396 --- [task-1] o.hibernate.jpa.internal.util.LogHelper  : HHH000204: Processing PersistenceUnitInfo [name: default]
2020-11-02 14:17:17.032  INFO 2396 --- [task-1] org.hibernate.Version                    : HHH000412: Hibernate ORM core version 5.4.21.Final
2020-11-02 14:17:17.419  INFO 2396 --- [task-1] o.hibernate.annotations.common.Version   : HCANN000001: Hibernate Commons Annotations {5.1.0.Final}
2020-11-02 14:17:17.700  INFO 2396 --- [task-1] com.alibaba.druid.pool.DruidDataSource   : {dataSource-1} inited
2020-11-02 14:17:18.103  INFO 2396 --- [task-1] org.hibernate.dialect.Dialect            : HHH000400: Using dialect: org.hibernate.dialect.MySQL57Dialect
2020-11-02 14:17:19.794  INFO 2396 --- [task-1] o.h.e.t.j.p.i.JtaPlatformInitiator       : HHH000490: Using JtaPlatform implementation: [org.hibernate.engine.transaction.jta.platform.internal.NoJtaPlatform]
2020-11-02 14:17:19.806  INFO 2396 --- [task-1] j.LocalContainerEntityManagerFactoryBean : Initialized JPA EntityManagerFactory for persistence unit 'default'
2020-11-02 14:17:23.598  INFO 2396 --- [task-2] o.s.b.d.a.OptionalLiveReloadServer       : LiveReload server is running on port 35729
2020-11-02 14:17:23.706  WARN 2396 --- [restartedMain] JpaBaseConfiguration$JpaWebConfiguration : spring.jpa.open-in-view is enabled by default. Therefore, database queries may be performed during view rendering. Explicitly configure spring.jpa.open-in-view to disable this warning
2020-11-02 14:17:25.386  INFO 2396 --- [restartedMain] pertySourcedRequestMappingHandlerMapping : Mapped URL path [/v2/api-docs] onto method [springfox.documentation.swagger2.web.Swagger2Controller#getDocumentation(String, HttpServletRequest)]
2020-11-02 14:17:26.241  WARN 2396 --- [restartedMain] org.thymeleaf.templatemode.TemplateMode  : [THYMELEAF][restartedMain] Template Mode 'HTML5' is deprecated. Using Template Mode 'HTML' instead.
2020-11-02 14:17:27.213  INFO 2396 --- [restartedMain] o.s.s.web.DefaultSecurityFilterChain     : Creating filter chain: any request, [org.springframework.security.web.context.request.async.WebAsyncManagerIntegrationFilter@4b8b3c5d, org.springframework.security.web.context.SecurityContextPersistenceFilter@185c220e, org.springframework.security.web.header.HeaderWriterFilter@6ccb3f4, org.springframework.security.web.authentication.logout.LogoutFilter@36cd7c54, org.springframework.security.web.authentication.UsernamePasswordAuthenticationFilter@6b8f19a5, org.springframework.security.web.authentication.ui.DefaultLoginPageGeneratingFilter@b1d6586, org.springframework.security.web.authentication.ui.DefaultLogoutPageGeneratingFilter@67a369d8, org.springframework.security.web.authentication.www.BasicAuthenticationFilter@200b4609, org.springframework.security.web.savedrequest.RequestCacheAwareFilter@418096a7, org.springframework.security.web.servletapi.SecurityContextHolderAwareRequestFilter@486abbfb, org.springframework.security.web.authentication.AnonymousAuthenticationFilter@1f17591e, org.springframework.security.web.session.SessionManagementFilter@7e291ded, org.springframework.security.web.access.ExceptionTranslationFilter@33cffc2d, org.springframework.security.web.access.intercept.FilterSecurityInterceptor@558a2c0b]
2020-11-02 14:17:28.015  INFO 2396 --- [restartedMain] o.s.b.w.embedded.tomcat.TomcatWebServer  : Tomcat started on port(s): 8080 (http) with context path ''
2020-11-02 14:17:28.017  INFO 2396 --- [restartedMain] d.s.w.p.DocumentationPluginsBootstrapper : Context refreshed
2020-11-02 14:17:28.054  INFO 2396 --- [restartedMain] d.s.w.p.DocumentationPluginsBootstrapper : Found 1 custom documentation plugin(s)
2020-11-02 14:17:28.132  INFO 2396 --- [restartedMain] s.d.s.w.s.ApiListingReferenceScanner     : Scanning for api listing references
2020-11-02 14:17:28.378  INFO 2396 --- [restartedMain] o.s.a.r.c.CachingConnectionFactory       : Attempting to connect to: [localhost:5672]
2020-11-02 14:17:28.436  INFO 2396 --- [restartedMain] o.s.a.r.c.CachingConnectionFactory       : Created new connection: rabbitConnectionFactory#93226ba:0/SimpleConnection@46a21e3d [delegate=amqp://guest@127.0.0.1:5672/, localPort= 59733]
2020-11-02 14:17:28.795  INFO 2396 --- [restartedMain] DeferredRepositoryInitializationListener : Triggering deferred initialization of Spring Data repositories…
2020-11-02 14:17:28.935  INFO 2396 --- [restartedMain] DeferredRepositoryInitializationListener : Spring Data repositories initialized!
2020-11-02 14:17:28.954  INFO 2396 --- [restartedMain] com.wang.SpringSwaggerApplication        : Started SpringSwaggerApplication in 17.807 seconds (JVM running for 24.322)
